#-----------------------------------------------------------
# PlanAhead v14.2 (64-bit)
# Build 194362 by xbuild on Fri Jul 20 18:52:11 MDT 2012
# Start of session at: Wed Dec 09 17:18:42 2015
# Process ID: 5148
# Log file: C:/Users/bweb/Downloads/EC311Project/planAhead_run_1/planAhead.log
# Journal file: C:/Users/bweb/Downloads/EC311Project/planAhead_run_1/planAhead.jou
#-----------------------------------------------------------
INFO: [Common 17-78] Attempting to get a license: PlanAhead
INFO: [Common 17-290] Got license for PlanAhead
INFO: [Device 21-36] Loading parts and site information from C:/Xilinx/14.2/ISE_DS/PlanAhead/data/parts/arch.xml
Parsing RTL primitives file [C:/Xilinx/14.2/ISE_DS/PlanAhead/data/parts/xilinx/rtl/prims/rtl_prims.xml]
Finished parsing RTL primitives file [C:/Xilinx/14.2/ISE_DS/PlanAhead/data/parts/xilinx/rtl/prims/rtl_prims.xml]
start_gui
source C:/Users/bweb/Downloads/EC311Project/pa.fromHdl.tcl
# create_project -name EC311Project -dir "C:/Users/bweb/Downloads/EC311Project/planAhead_run_1" -part xc6slx16csg324-3
Parsing template File [C:/Xilinx/14.2/ISE_DS/ISE/data/projnav/templates/verilog.xml].
Finished parsing template File [C:/Xilinx/14.2/ISE_DS/ISE/data/projnav/templates/verilog.xml].
Parsing template File [C:/Xilinx/14.2/ISE_DS/ISE/data/projnav/templates/vhdl.xml].
Finished parsing template File [C:/Xilinx/14.2/ISE_DS/ISE/data/projnav/templates/vhdl.xml].
Parsing template File [C:/Xilinx/14.2/ISE_DS/ISE/data/projnav/templates/ucf.xml].
Finished parsing template File [C:/Xilinx/14.2/ISE_DS/ISE/data/projnav/templates/ucf.xml].
# set_param project.pinAheadLayout yes
# set srcset [get_property srcset [current_run -impl]]
# set_property target_constrs_file "vga_display.ucf" [current_fileset -constrset]
Adding file 'C:/Users/bweb/Downloads/EC311Project/vga_display.ucf' to fileset 'constrs_1'
# set hdlfile [add_files [list {bin2led7decimal.v}]]
# set_property file_type Verilog $hdlfile
# set_property library work $hdlfile
# set hdlfile [add_files [list {vga_controller_640_60.v}]]
# set_property file_type Verilog $hdlfile
# set_property library work $hdlfile
# set hdlfile [add_files [list {LEDmux.v}]]
# set_property file_type Verilog $hdlfile
# set_property library work $hdlfile
# set hdlfile [add_files [list {vga_display_up.v}]]
# set_property file_type Verilog $hdlfile
# set_property library work $hdlfile
# set_property top vga_display $srcset
# add_files [list {vga_display.ucf}] -fileset [get_property constrset [current_run]]
# open_rtl_design -part xc6slx16csg324-3
Using Verific elaboration
Parsing VHDL file "C:/Xilinx/14.2/ISE_DS/PlanAhead/data/parts/xilinx/rtl/lib/synplify/synattr.vhd" into library synplify
Analyzing Verilog file "C:/Users/bweb/Downloads/EC311Project/bin2led7decimal.v" into library work
Analyzing Verilog file "C:/Users/bweb/Downloads/EC311Project/vga_controller_640_60.v" into library work
Analyzing Verilog file "C:/Users/bweb/Downloads/EC311Project/LEDmux.v" into library work
Analyzing Verilog file "C:/Users/bweb/Downloads/EC311Project/vga_display_up.v" into library work
WARNING: [HDL 9-806] Syntax error near ":". [C:/Users/bweb/Downloads/EC311Project/vga_display_up.v:113]
WARNING: [HDL 9-806] Syntax error near ":". [C:/Users/bweb/Downloads/EC311Project/vga_display_up.v:115]
WARNING: [HDL 9-806] Syntax error near ":". [C:/Users/bweb/Downloads/EC311Project/vga_display_up.v:117]
WARNING: [HDL 9-806] Syntax error near ":". [C:/Users/bweb/Downloads/EC311Project/vga_display_up.v:119]
Loading clock regions from C:/Xilinx/14.2/ISE_DS/PlanAhead/data\parts/xilinx/spartan6/spartan6lx/xc6slx16/ClockRegion.xml
Loading clock buffers from C:/Xilinx/14.2/ISE_DS/PlanAhead/data\parts/xilinx/spartan6/spartan6lx/xc6slx16/ClockBuffers.xml
Loading package pin functions from C:/Xilinx/14.2/ISE_DS/PlanAhead/data\parts/xilinx/spartan6/PinFunctions.xml...
Loading package from C:/Xilinx/14.2/ISE_DS/PlanAhead/data\parts/xilinx/spartan6/spartan6lx/xc6slx16/csg324/Package.xml
Loading io standards from C:/Xilinx/14.2/ISE_DS/PlanAhead/data\./parts/xilinx/spartan6/IOStandards.xml
Loading device configuration modes from C:/Xilinx/14.2/ISE_DS/PlanAhead/data\parts/xilinx/spartan6/ConfigModes.xml
Loading list of drcs for the architecture : C:/Xilinx/14.2/ISE_DS/PlanAhead/data\./parts/xilinx/spartan6/drc.xml
Parsing UCF File [C:/Users/bweb/Downloads/EC311Project/vga_display.ucf]
Finished Parsing UCF File [C:/Users/bweb/Downloads/EC311Project/vga_display.ucf]
INFO: [Project 1-111] Unisim Transformation Summary:
No Unisim elements were transformed.

Phase 0 | Netlist Checksum: 948b0276
open_rtl_design: Time (s): elapsed = 00:00:05 . Memory (MB): peak = 565.961 ; gain = 148.078
update_compile_order -fileset sources_1
update_compile_order -fileset sources_1
update_compile_order -fileset sources_1
refresh_design
Using Verific elaboration
Parsing VHDL file "C:/Xilinx/14.2/ISE_DS/PlanAhead/data/parts/xilinx/rtl/lib/synplify/synattr.vhd" into library synplify
Analyzing Verilog file "C:/Users/bweb/Downloads/EC311Project/bin2led7decimal.v" into library work
Analyzing Verilog file "C:/Users/bweb/Downloads/EC311Project/vga_controller_640_60.v" into library work
Analyzing Verilog file "C:/Users/bweb/Downloads/EC311Project/LEDmux.v" into library work
Analyzing Verilog file "C:/Users/bweb/Downloads/EC311Project/vga_display_up.v" into library work
WARNING: [HDL 9-806] Syntax error near ":". [C:/Users/bweb/Downloads/EC311Project/vga_display_up.v:113]
WARNING: [HDL 9-806] Syntax error near ":". [C:/Users/bweb/Downloads/EC311Project/vga_display_up.v:115]
WARNING: [HDL 9-806] Syntax error near ":". [C:/Users/bweb/Downloads/EC311Project/vga_display_up.v:117]
WARNING: [HDL 9-806] Syntax error near ":". [C:/Users/bweb/Downloads/EC311Project/vga_display_up.v:119]
Loading clock regions from C:/Xilinx/14.2/ISE_DS/PlanAhead/data\parts/xilinx/spartan6/spartan6lx/xc6slx16/ClockRegion.xml
Loading clock buffers from C:/Xilinx/14.2/ISE_DS/PlanAhead/data\parts/xilinx/spartan6/spartan6lx/xc6slx16/ClockBuffers.xml
Loading package pin functions from C:/Xilinx/14.2/ISE_DS/PlanAhead/data\parts/xilinx/spartan6/PinFunctions.xml...
Loading package from C:/Xilinx/14.2/ISE_DS/PlanAhead/data\parts/xilinx/spartan6/spartan6lx/xc6slx16/csg324/Package.xml
Loading io standards from C:/Xilinx/14.2/ISE_DS/PlanAhead/data\./parts/xilinx/spartan6/IOStandards.xml
Loading list of drcs for the architecture : C:/Xilinx/14.2/ISE_DS/PlanAhead/data\./parts/xilinx/spartan6/drc.xml
Parsing UCF File [C:/Users/bweb/Downloads/EC311Project/vga_display.ucf]
Finished Parsing UCF File [C:/Users/bweb/Downloads/EC311Project/vga_display.ucf]
startgroup
set_property package_pin C4 [get_ports {boxes[0]}]
endgroup
startgroup
set_property package_pin C9 [get_ports {boxes[1]}]
endgroup
refresh_design
Using Verific elaboration
Parsing VHDL file "C:/Xilinx/14.2/ISE_DS/PlanAhead/data/parts/xilinx/rtl/lib/synplify/synattr.vhd" into library synplify
Analyzing Verilog file "C:/Users/bweb/Downloads/EC311Project/bin2led7decimal.v" into library work
Analyzing Verilog file "C:/Users/bweb/Downloads/EC311Project/vga_controller_640_60.v" into library work
Analyzing Verilog file "C:/Users/bweb/Downloads/EC311Project/LEDmux.v" into library work
Analyzing Verilog file "C:/Users/bweb/Downloads/EC311Project/vga_display_up.v" into library work
WARNING: [HDL 9-806] Syntax error near ":". [C:/Users/bweb/Downloads/EC311Project/vga_display_up.v:113]
WARNING: [HDL 9-806] Syntax error near ":". [C:/Users/bweb/Downloads/EC311Project/vga_display_up.v:115]
WARNING: [HDL 9-806] Syntax error near ":". [C:/Users/bweb/Downloads/EC311Project/vga_display_up.v:117]
WARNING: [HDL 9-806] Syntax error near ":". [C:/Users/bweb/Downloads/EC311Project/vga_display_up.v:119]
Loading clock regions from C:/Xilinx/14.2/ISE_DS/PlanAhead/data\parts/xilinx/spartan6/spartan6lx/xc6slx16/ClockRegion.xml
Loading clock buffers from C:/Xilinx/14.2/ISE_DS/PlanAhead/data\parts/xilinx/spartan6/spartan6lx/xc6slx16/ClockBuffers.xml
Loading package pin functions from C:/Xilinx/14.2/ISE_DS/PlanAhead/data\parts/xilinx/spartan6/PinFunctions.xml...
Loading package from C:/Xilinx/14.2/ISE_DS/PlanAhead/data\parts/xilinx/spartan6/spartan6lx/xc6slx16/csg324/Package.xml
Loading io standards from C:/Xilinx/14.2/ISE_DS/PlanAhead/data\./parts/xilinx/spartan6/IOStandards.xml
Loading list of drcs for the architecture : C:/Xilinx/14.2/ISE_DS/PlanAhead/data\./parts/xilinx/spartan6/drc.xml
Parsing UCF File [C:/Users/bweb/Downloads/EC311Project/vga_display.ucf]
Finished Parsing UCF File [C:/Users/bweb/Downloads/EC311Project/vga_display.ucf]
startgroup
set_property package_pin C4 [get_ports {boxes[0]}]
endgroup
startgroup
set_property package_pin C9 [get_ports {boxes[1]}]
endgroup
startgroup
set_property package_pin B8 [get_ports {boxes[2]}]
endgroup
startgroup
set_property package_pin A8 [get_ports {boxes[3]}]
endgroup
startgroup
set_property package_pin D9 [get_ports {boxes[4]}]
endgroup
save_design
exit
INFO: [Common 17-206] Exiting PlanAhead...
INFO: [Common 17-83] Releasing license: PlanAhead
